2013-12-24 14:53:53 ERROR: http://gw.api.taobao.com/router/rest
   at System.Net.HttpWebRequest.GetResponse()
   at Top.Api.Util.WebUtils.DoPost(String url, IDictionary`2 parameters)
   at Top.Api.DefaultTopClient.DoExecute[T](ITopRequest`1 request, String session, DateTime timestamp)
   at Top.Api.DefaultTopClient.Execute[T](ITopRequest`1 request, String session, DateTime timestamp)
2013-12-24 15:08:33 ERROR: http://gw.api.taobao.com/router/rest
   at System.Net.ConnectStream.Read(Byte[] buffer, Int32 offset, Int32 size)
   at System.IO.StreamReader.ReadBuffer()
   at System.IO.StreamReader.ReadToEnd()
   at Top.Api.Util.WebUtils.GetResponseAsString(HttpWebResponse rsp, Encoding encoding)
   at Top.Api.Util.WebUtils.DoPost(String url, IDictionary`2 parameters)
   at Top.Api.DefaultTopClient.DoExecute[T](ITopRequest`1 request, String session, DateTime timestamp)
   at Top.Api.DefaultTopClient.Execute[T](ITopRequest`1 request, String session, DateTime timestamp)
2013-12-24 15:46:56 ERROR: http://gw.api.taobao.com/router/rest
   at System.Net.HttpWebRequest.GetResponse()
   at Top.Api.Util.WebUtils.DoPost(String url, IDictionary`2 parameters)
   at Top.Api.DefaultTopClient.DoExecute[T](ITopRequest`1 request, String session, DateTime timestamp)
   at Top.Api.DefaultTopClient.Execute[T](ITopRequest`1 request, String session, DateTime timestamp)
2013-12-24 19:13:38 ERROR: http://gw.api.taobao.com/router/rest
   at System.Net.ConnectStream.Read(Byte[] buffer, Int32 offset, Int32 size)
   at System.IO.StreamReader.ReadBuffer()
   at System.IO.StreamReader.ReadToEnd()
   at Top.Api.Util.WebUtils.GetResponseAsString(HttpWebResponse rsp, Encoding encoding)
   at Top.Api.Util.WebUtils.DoPost(String url, IDictionary`2 parameters)
   at Top.Api.DefaultTopClient.DoExecute[T](ITopRequest`1 request, String session, DateTime timestamp)
   at Top.Api.DefaultTopClient.Execute[T](ITopRequest`1 request, String session, DateTime timestamp)
2013-12-24 20:15:32 ERROR: http://gw.api.taobao.com/router/rest
   at System.Net.HttpWebRequest.GetResponse()
   at Top.Api.Util.WebUtils.DoPost(String url, IDictionary`2 parameters)
   at Top.Api.DefaultTopClient.DoExecute[T](ITopRequest`1 request, String session, DateTime timestamp)
   at Top.Api.DefaultTopClient.Execute[T](ITopRequest`1 request, String session, DateTime timestamp)
2013-12-24 20:19:16 ERROR: http://gw.api.taobao.com/router/rest
   at System.Net.HttpWebRequest.GetResponse()
   at Top.Api.Util.WebUtils.DoPost(String url, IDictionary`2 parameters)
   at Top.Api.DefaultTopClient.DoExecute[T](ITopRequest`1 request, String session, DateTime timestamp)
   at Top.Api.DefaultTopClient.Execute[T](ITopRequest`1 request, String session, DateTime timestamp)
2013-12-24 20:31:56 ERROR: http://gw.api.taobao.com/router/rest
   at System.Net.HttpWebRequest.GetResponse()
   at Top.Api.Util.WebUtils.DoPost(String url, IDictionary`2 parameters)
   at Top.Api.DefaultTopClient.DoExecute[T](ITopRequest`1 request, String session, DateTime timestamp)
   at Top.Api.DefaultTopClient.Execute[T](ITopRequest`1 request, String session, DateTime timestamp)
2013-12-24 21:52:58 ERROR: http://gw.api.taobao.com/router/rest
   at System.Net.HttpWebRequest.GetResponse()
   at Top.Api.Util.WebUtils.DoPost(String url, IDictionary`2 parameters)
   at Top.Api.DefaultTopClient.DoExecute[T](ITopRequest`1 request, String session, DateTime timestamp)
   at Top.Api.DefaultTopClient.Execute[T](ITopRequest`1 request, String session, DateTime timestamp)
2013-12-24 22:43:34 ERROR: http://gw.api.taobao.com/router/rest
   at System.Net.HttpWebRequest.GetResponse()
   at Top.Api.Util.WebUtils.DoPost(String url, IDictionary`2 parameters)
   at Top.Api.DefaultTopClient.DoExecute[T](ITopRequest`1 request, String session, DateTime timestamp)
   at Top.Api.DefaultTopClient.Execute[T](ITopRequest`1 request, String session, DateTime timestamp)
2013-12-24 22:44:40 ERROR: http://gw.api.taobao.com/router/rest
   at System.Net.HttpWebRequest.GetResponse()
   at Top.Api.Util.WebUtils.DoPost(String url, IDictionary`2 parameters)
   at Top.Api.DefaultTopClient.DoExecute[T](ITopRequest`1 request, String session, DateTime timestamp)
   at Top.Api.DefaultTopClient.Execute[T](ITopRequest`1 request, String session, DateTime timestamp)
2013-12-24 22:47:53 ERROR: http://gw.api.taobao.com/router/rest
   at System.Net.HttpWebRequest.GetResponse()
   at Top.Api.Util.WebUtils.DoPost(String url, IDictionary`2 parameters)
   at Top.Api.DefaultTopClient.DoExecute[T](ITopRequest`1 request, String session, DateTime timestamp)
   at Top.Api.DefaultTopClient.Execute[T](ITopRequest`1 request, String session, DateTime timestamp)
2014-02-11 10:24:10 ERROR: http://gw.api.taobao.com/router/rest
   at System.Net.HttpWebRequest.GetRequestStream(TransportContext& context)
   at System.Net.HttpWebRequest.GetRequestStream()
   at Top.Api.Util.WebUtils.DoPost(String url, IDictionary`2 parameters)
   at Top.Api.DefaultTopClient.DoExecute[T](ITopRequest`1 request, String session, DateTime timestamp)
   at Top.Api.DefaultTopClient.Execute[T](ITopRequest`1 request, String session, DateTime timestamp)
2014-02-26 08:52:49 ERROR: http://gw.api.taobao.com/router/rest
   at System.Net.HttpWebRequest.GetRequestStream(TransportContext& context)
   at System.Net.HttpWebRequest.GetRequestStream()
   at Top.Api.Util.WebUtils.DoPost(String url, IDictionary`2 parameters)
   at Top.Api.DefaultTopClient.DoExecute[T](ITopRequest`1 request, String session, DateTime timestamp)
   at Top.Api.DefaultTopClient.Execute[T](ITopRequest`1 request, String session, DateTime timestamp)
